<?xml version="1.0" encoding="UTF-8"?>
<!-- Generated by org.testng.reporters.JUnitXMLReporter -->
<testsuite ignored="0" hostname="sheezas-MacBook-Air.local" failures="1" tests="10" name="Test" time="0.149" errors="0" timestamp="2024-07-05T10:00:02 PDT">
  <testcase classname="TestNGPack.Test3" name="test42" time="0.009"/>
  <testcase classname="TestNGPack.Test3" name="test43" time="0.002"/>
  <testcase classname="TestNGPack.Test3" name="test44" time="0.002"/>
  <testcase classname="TestNGPack.Test2" name="Test21" time="0.007"/>
  <testcase classname="TestNGPack.Test2" name="Test22" time="0.003"/>
  <testcase classname="TestNGPack.Test2" name="Test23" time="0.0">
    <failure type="org.testng.TestNGException" message="
Parameter &amp;apos;username&amp;apos; is required by @Test on method Test23 but has not been marked @Optional or defined
in /Users/sheeza/eclipse-workspace/TestNG/testngListener.xml">
      <![CDATA[org.testng.TestNGException: 
Parameter 'username' is required by @Test on method Test23 but has not been marked @Optional or defined
in /Users/sheeza/eclipse-workspace/TestNG/testngListener.xml
at java.base/java.util.ArrayList.forEach(ArrayList.java:1511)
... Removed 26 stack frames]]>
    </failure>
  </testcase> <!-- Test23 -->
  <testcase classname="TestNGPack.Test4" name="test31" time="0.016"/>
  <testcase classname="TestNGPack.Test4" name="test32" time="0.0"/>
  <testcase classname="TestNGPack.Test4" name="test33" time="0.007"/>
  <testcase classname="TestNGPack.Test4" name="test34" time="0.0"/>
</testsuite> <!-- Test -->
